
======================================================================
 VIDA REAL ENGINE V5.4 FINAL
 MOTOR CENTRAL IA + 11 MOTORES + CENTRO DE COMANDO HTML
======================================================================

Fecha: 04-07-2026
Hora: 17:06
Excel: SISTEMA_ROBINSON_C31_CORREGIDO_BASE_DATOS_V3.xlsx
Hojas: 153
Recursos: 316 archivos

✓ Ejecución sin errores

======================================================================
DECISIONES: 8 (consolidadas, sin duplicados)
======================================================================

1. [Sistema] Prioridad 100
   Acción: Abrir Centro de Comando y revisar prioridades.
   Motivo: Motor Central IA activo.
   Registro: 20_Registro_Diario; 21_KPI_Diario

2. [Universidad] Prioridad 098
   Acción: Estudiar Universidad — EV-010. Revisar contenido asociado, resolver ejercicios y registrar errores.
   Motivo: Evaluación detectada como prioridad: EV-010 | Probabilidad y Estadística | 4 | Sumativa | Prueba escrita Unidad I | 30 | 2026-06-28 00:00:00 | Fundamentos, condicional, combinaciones, Bayes | Pendiente | -5 | Vencido | Preparar / entregar / estudiar | 62_T2.
   Registro: 61_T2_Ramos; 62_T2_Evaluaciones; 63_T2_Bloques; 64_T2_Errores

3. [Pendientes] Prioridad 093
   Acción: Resolver pendiente crítico: Universidad (Alta)
   Motivo: Prioridad Alta — Área: Universidad
   Registro: 20_Registro_Diario; 90_Alertas_Correcciones

4. [SERPAT] Prioridad 091
   Acción: Día libre SERPAT — Usar para avance estratégico sin restricción horaria.
   Motivo: Calendario laboral: Día libre disponible
   Registro: 09_PANEL_VISION; 20_Registro_Diario

5. [Ancla Mental] Prioridad 086
   Acción: Responder: ¿actué como constructor o como sobreviviente? ¿Qué capital aumentó hoy? ¿Qué debo corregir? ¿Cuál es la prioridad única de mañana?
   Motivo: Evitar volver al Robinson anterior y preparar la continuidad de mañana.
   Registro: Ancla Mental; 21_KPI_Diario; 90_Alertas_Correcciones

6. [Salud] Prioridad 084
   Acción: Registrar sueño, energía, recuperación, presión arterial, pulso, medicamento, alimentación e hidratación.
   Motivo: Construir capital biológico para sostener 15 años de crecimiento.
   Registro: H02_Registro_Salud; H03_Presión_Log; H00_Dashboard_Health

7. [Finanzas] Prioridad 079
   Acción: Registrar ingresos, gastos, pagos, movimientos bancarios, inversiones, saldo disponible y obligaciones pendientes.
   Motivo: Construir capital financiero mediante visibilidad, control y decisión patrimonial.
   Registro: 11_Ingresos; 12_Gastos; 13_Deudas; 18_Conciliacion_Bancaria_V3; 20_Registro_Diario; 21_KPI_Diario

8. [Empresas] Prioridad 074
   Acción: Revisar CRM, seguimiento, mercado o proyecto activo. Ejecutar una acción concreta: contacto, análisis, respuesta, registro, hipótesis, aprendizaje o siguiente acción.
   Motivo: Construir capital empresarial con una acción concreta, registrable y acumulativa.
   Registro: 30_MGC_CRM; 33_Seguimientos; 70_Mercado_MGC; 71_Mercado_LNR; 76_CaptaPropIA; 82_LNH_Corporate_System

======================================================================
ALERTAS: 10
======================================================================

1. [SERPAT] Prioridad 90
   Calendario laboral detectado
   Usar SERPAT TURNOS para adaptar el día.

2. [Pendientes] Prioridad 95
   Pendientes detectados
   Integrar pendientes en la priorización diaria.

3. [Identidad] Prioridad 70
   Vision Board detectado
   Usar Vision Board para visualización diaria.

4. [Desarrollo Personal] Prioridad 75
   Desarrollo personal detectado
   Integrar lectura, hábitos e identidad.

5. [Universidad] Prioridad 86
   Errores académicos detectados
   Hay 36 registros de errores/dudas que deben revisarse.

6. [Universidad] Prioridad 80
   Recursos universitarios disponibles
   Hay 115 archivos en Recursos/04_UNIVERSIDAD.

7. [Pendientes] Prioridad 96
   Hay 2 pendiente(s) crítico(s)/alto(s)
   Resolver o reagendar: Universidad (Alta)

8. [Identidad] Prioridad 82
   Panel Vision 2042 disponible
   Visualizar: Patrimonio

9. [Identidad] Prioridad 88
   Ley 001 activa
   'Nunca romper la cadena. Si no puedes avanzar al 100%, avanza al 20%; si no puedes al 20%, avanza al 5%; nunca cero.'

10. [Continuidad] Prioridad 77
   Sistema de capitales activo
   Cada acción construye capital en un dominio


======================================================================
RESUMEN FINAL DEL ESTADO DEL SISTEMA
======================================================================

📊 ESTADO GENERAL:
   • Fecha: 04-07-2026
   • Hora: 17:06
   • Tipo de día: Libre
   • Turno SERPAT: Libre

📁 RECURSOS DISPONIBLES:
   • Excel: SISTEMA_ROBINSON_C31_CORREGIDO_BASE_DATOS_V3.xlsx
   • Hojas: 153
   • Archivos en Recursos: 316

🎯 DOMINIOS ANALIZADOS:
   ✓ Universidad
   ✓ Salud
   ✓ Finanzas
   ✓ Empresas
   ✓ SERPAT
   ✓ Ancla Mental
   ✓ Continuidad
   ✓ Recursos
   ✓ Pendientes

🎯 DECISIONES GENERADAS: 8
   • Áreas cubiertas: 8
     - Ancla Mental: 1 decisión(es)
     - Empresas: 1 decisión(es)
     - Finanzas: 1 decisión(es)
     - Pendientes: 1 decisión(es)
     - SERPAT: 1 decisión(es)
     - Salud: 1 decisión(es)
     - Sistema: 1 decisión(es)
     - Universidad: 1 decisión(es)

📈 DISTRIBUCIÓN DE PRIORIDADES:
   • Máxima: 100
   • Mínima: 74
   • Promedio: 88.1

🚨 ALERTAS GENERADAS: 10
   • Continuidad: 1 alerta(s)
   • Desarrollo Personal: 1 alerta(s)
   • Identidad: 3 alerta(s)
   • Pendientes: 2 alerta(s)
   • SERPAT: 1 alerta(s)
   • Universidad: 2 alerta(s)

✓ EJECUCIÓN LIMPIA: Sin errores

🔧 MOTORES ACTIVOS: 11
   ✓ MotorUniversidad (evaluaciones críticas)
   ✓ MotorSerpat (calendario laboral)
   ✓ MotorPendientes (tareas críticas)
   ✓ MotorVisionBoard (identidad 2042)
   ✓ MotorDesarrolloPersonal (Ley 001)
   ✓ MotorSalud (capital biológico)
   ✓ MotorFinanzas (capital financiero)
   ✓ MotorEmpresas (capital empresarial)
   ✓ MotorAncla (identidad diaria)
   ✓ MotorContinuidad (capitales)

======================================================================
Estado: ✓ OPERATIVO
======================================================================

======================================================================
 V5.4 FINAL - CENTRO DE COMANDO COMPLETADO
 Decisiones consolidadas | Centro de Comando HTML | Navegable
======================================================================